2019-02-16 13:27:20 INFO  SigTuple:47 - *****************This is init method**************************
2019-02-16 13:27:20 DEBUG RequestAddCookies:123 - CookieSpec selected: default
2019-02-16 13:27:20 DEBUG RequestAuthCache:77 - Auth cache not set in the context
2019-02-16 13:27:20 DEBUG PoolingHttpClientConnectionManager:255 - Connection request: [route: {}->http://localhost:45345][total kept alive: 0; route allocated: 0 of 2000; total allocated: 0 of 2000]
2019-02-16 13:27:20 DEBUG PoolingHttpClientConnectionManager:288 - Connection leased: [id: 0][route: {}->http://localhost:45345][total kept alive: 0; route allocated: 1 of 2000; total allocated: 1 of 2000]
2019-02-16 13:27:20 DEBUG MainClientExec:235 - Opening connection {}->http://localhost:45345
2019-02-16 13:27:20 DEBUG DefaultHttpClientConnectionOperator:139 - Connecting to localhost/127.0.0.1:45345
2019-02-16 13:27:20 DEBUG DefaultHttpClientConnectionOperator:146 - Connection established 127.0.0.1:52914<->127.0.0.1:45345
2019-02-16 13:27:20 DEBUG DefaultManagedHttpClientConnection:88 - http-outgoing-0: set socket timeout to 10800000
2019-02-16 13:27:20 DEBUG MainClientExec:256 - Executing request POST /session HTTP/1.1
2019-02-16 13:27:20 DEBUG MainClientExec:261 - Target auth state: UNCHALLENGED
2019-02-16 13:27:20 DEBUG MainClientExec:267 - Proxy auth state: UNCHALLENGED
2019-02-16 13:27:20 DEBUG headers:133 - http-outgoing-0 >> POST /session HTTP/1.1
2019-02-16 13:27:20 DEBUG headers:136 - http-outgoing-0 >> Content-Type: application/json; charset=utf-8
2019-02-16 13:27:20 DEBUG headers:136 - http-outgoing-0 >> Content-Length: 622
2019-02-16 13:27:20 DEBUG headers:136 - http-outgoing-0 >> Host: localhost:45345
2019-02-16 13:27:20 DEBUG headers:136 - http-outgoing-0 >> Connection: Keep-Alive
2019-02-16 13:27:20 DEBUG headers:136 - http-outgoing-0 >> User-Agent: Apache-HttpClient/4.5.3 (Java/1.8.0_121)
2019-02-16 13:27:20 DEBUG headers:136 - http-outgoing-0 >> Accept-Encoding: gzip,deflate
2019-02-16 13:27:20 DEBUG wire:73 - http-outgoing-0 >> "POST /session HTTP/1.1[\r][\n]"
2019-02-16 13:27:20 DEBUG wire:73 - http-outgoing-0 >> "Content-Type: application/json; charset=utf-8[\r][\n]"
2019-02-16 13:27:20 DEBUG wire:73 - http-outgoing-0 >> "Content-Length: 622[\r][\n]"
2019-02-16 13:27:20 DEBUG wire:73 - http-outgoing-0 >> "Host: localhost:45345[\r][\n]"
2019-02-16 13:27:20 DEBUG wire:73 - http-outgoing-0 >> "Connection: Keep-Alive[\r][\n]"
2019-02-16 13:27:20 DEBUG wire:73 - http-outgoing-0 >> "User-Agent: Apache-HttpClient/4.5.3 (Java/1.8.0_121)[\r][\n]"
2019-02-16 13:27:20 DEBUG wire:73 - http-outgoing-0 >> "Accept-Encoding: gzip,deflate[\r][\n]"
2019-02-16 13:27:20 DEBUG wire:73 - http-outgoing-0 >> "[\r][\n]"
2019-02-16 13:27:20 DEBUG wire:73 - http-outgoing-0 >> "{[\n]"
2019-02-16 13:27:20 DEBUG wire:73 - http-outgoing-0 >> "  "desiredCapabilities": {[\n]"
2019-02-16 13:27:20 DEBUG wire:73 - http-outgoing-0 >> "    "browserName": "chrome",[\n]"
2019-02-16 13:27:20 DEBUG wire:73 - http-outgoing-0 >> "    "chromeOptions": {[\n]"
2019-02-16 13:27:20 DEBUG wire:73 - http-outgoing-0 >> "      "args": [[\n]"
2019-02-16 13:27:20 DEBUG wire:73 - http-outgoing-0 >> "        "disable-infobars"[\n]"
2019-02-16 13:27:20 DEBUG wire:73 - http-outgoing-0 >> "      ],[\n]"
2019-02-16 13:27:20 DEBUG wire:73 - http-outgoing-0 >> "      "extensions": [][\n]"
2019-02-16 13:27:20 DEBUG wire:73 - http-outgoing-0 >> "    },[\n]"
2019-02-16 13:27:20 DEBUG wire:73 - http-outgoing-0 >> "    "version": "",[\n]"
2019-02-16 13:27:20 DEBUG wire:73 - http-outgoing-0 >> "    "platform": "ANY"[\n]"
2019-02-16 13:27:20 DEBUG wire:73 - http-outgoing-0 >> "  },[\n]"
2019-02-16 13:27:20 DEBUG wire:73 - http-outgoing-0 >> "  "requiredCapabilities": {},[\n]"
2019-02-16 13:27:20 DEBUG wire:73 - http-outgoing-0 >> "  "capabilities": {[\n]"
2019-02-16 13:27:20 DEBUG wire:73 - http-outgoing-0 >> "    "desiredCapabilities": {[\n]"
2019-02-16 13:27:20 DEBUG wire:73 - http-outgoing-0 >> "      "browserName": "chrome",[\n]"
2019-02-16 13:27:20 DEBUG wire:73 - http-outgoing-0 >> "      "chromeOptions": {[\n]"
2019-02-16 13:27:20 DEBUG wire:73 - http-outgoing-0 >> "        "args": [[\n]"
2019-02-16 13:27:20 DEBUG wire:73 - http-outgoing-0 >> "          "disable-infobars"[\n]"
2019-02-16 13:27:20 DEBUG wire:73 - http-outgoing-0 >> "        ],[\n]"
2019-02-16 13:27:20 DEBUG wire:73 - http-outgoing-0 >> "        "extensions": [][\n]"
2019-02-16 13:27:20 DEBUG wire:73 - http-outgoing-0 >> "      },[\n]"
2019-02-16 13:27:21 DEBUG wire:73 - http-outgoing-0 >> "      "version": "",[\n]"
2019-02-16 13:27:21 DEBUG wire:73 - http-outgoing-0 >> "      "platform": "ANY"[\n]"
2019-02-16 13:27:21 DEBUG wire:73 - http-outgoing-0 >> "    },[\n]"
2019-02-16 13:27:21 DEBUG wire:73 - http-outgoing-0 >> "    "requiredCapabilities": {},[\n]"
2019-02-16 13:27:21 DEBUG wire:73 - http-outgoing-0 >> "    "alwaysMatch": {},[\n]"
2019-02-16 13:27:21 DEBUG wire:73 - http-outgoing-0 >> "    "firstMatch": [[\n]"
2019-02-16 13:27:21 DEBUG wire:73 - http-outgoing-0 >> "      {[\n]"
2019-02-16 13:27:21 DEBUG wire:73 - http-outgoing-0 >> "        "browserName": "chrome"[\n]"
2019-02-16 13:27:21 DEBUG wire:73 - http-outgoing-0 >> "      }[\n]"
2019-02-16 13:27:21 DEBUG wire:73 - http-outgoing-0 >> "    ][\n]"
2019-02-16 13:27:21 DEBUG wire:73 - http-outgoing-0 >> "  }[\n]"
2019-02-16 13:27:21 DEBUG wire:87 - http-outgoing-0 >> "}"
2019-02-16 13:27:21 DEBUG wire:73 - http-outgoing-0 << "HTTP/1.1 200 OK[\r][\n]"
2019-02-16 13:27:21 DEBUG wire:73 - http-outgoing-0 << "Content-Length:977[\r][\n]"
2019-02-16 13:27:21 DEBUG wire:73 - http-outgoing-0 << "Content-Type:application/json; charset=utf-8[\r][\n]"
2019-02-16 13:27:21 DEBUG wire:73 - http-outgoing-0 << "[\r][\n]"
2019-02-16 13:27:21 DEBUG wire:87 - http-outgoing-0 << "{"sessionId":"1082393bf157b98493ca52b87d2d3b70","status":0,"value":{"acceptInsecureCerts":false,"acceptSslCerts":false,"applicationCacheEnabled":false,"browserConnectionEnabled":false,"browserName":"chrome","chrome":{"chromedriverVersion":"72.0.3626.69 (3c16f8a135abc0d4da2dff33804db79b849a7c38)","userDataDir":"/var/folders/w4/2m4v3j5d0nn73gzx7dhc7zz9hh_hlc/T/.com.google.Chrome.BVoPHg"},"cssSelectorsEnabled":true,"databaseEnabled":false,"goog:chromeOptions":{"debuggerAddress":"localhost:52919"},"handlesAlerts":true,"hasTouchScreen":false,"javascriptEnabled":true,"locationContextEnabled":true,"mobileEmulationEnabled":false,"nativeEvents":true,"networkConnectionEnabled":false,"pageLoadStrategy":"normal","platform":"Mac OS X","proxy":{},"rotatable":false,"setWindowRect":true,"takesHeapSnapshot":true,"takesScreenshot":true,"timeouts":{"implicit":0,"pageLoad":300000,"script":30000},"unexpectedAlertBehaviour":"ignore","version":"72.0.3626.109","webStorageEnabled":true}}"
2019-02-16 13:27:21 DEBUG headers:122 - http-outgoing-0 << HTTP/1.1 200 OK
2019-02-16 13:27:21 DEBUG headers:125 - http-outgoing-0 << Content-Length:977
2019-02-16 13:27:21 DEBUG headers:125 - http-outgoing-0 << Content-Type:application/json; charset=utf-8
2019-02-16 13:27:21 DEBUG MainClientExec:285 - Connection can be kept alive indefinitely
2019-02-16 13:27:21 DEBUG PoolingHttpClientConnectionManager:320 - Connection [id: 0][route: {}->http://localhost:45345] can be kept alive indefinitely
2019-02-16 13:27:21 DEBUG PoolingHttpClientConnectionManager:326 - Connection released: [id: 0][route: {}->http://localhost:45345][total kept alive: 1; route allocated: 1 of 2000; total allocated: 1 of 2000]
2019-02-16 13:27:21 DEBUG RequestAddCookies:123 - CookieSpec selected: default
2019-02-16 13:27:21 DEBUG RequestAuthCache:77 - Auth cache not set in the context
2019-02-16 13:27:21 DEBUG PoolingHttpClientConnectionManager:255 - Connection request: [route: {}->http://localhost:45345][total kept alive: 1; route allocated: 1 of 2000; total allocated: 1 of 2000]
2019-02-16 13:27:21 DEBUG PoolingHttpClientConnectionManager:288 - Connection leased: [id: 0][route: {}->http://localhost:45345][total kept alive: 0; route allocated: 1 of 2000; total allocated: 1 of 2000]
2019-02-16 13:27:21 DEBUG MainClientExec:208 - Stale connection check
2019-02-16 13:27:21 DEBUG wire:87 - http-outgoing-0 << "[read] I/O error: Read timed out"
2019-02-16 13:27:21 DEBUG DefaultManagedHttpClientConnection:88 - http-outgoing-0: set socket timeout to 10800000
2019-02-16 13:27:21 DEBUG MainClientExec:256 - Executing request POST /session/1082393bf157b98493ca52b87d2d3b70/window/current/maximize HTTP/1.1
2019-02-16 13:27:21 DEBUG MainClientExec:261 - Target auth state: UNCHALLENGED
2019-02-16 13:27:21 DEBUG MainClientExec:267 - Proxy auth state: UNCHALLENGED
2019-02-16 13:27:21 DEBUG headers:133 - http-outgoing-0 >> POST /session/1082393bf157b98493ca52b87d2d3b70/window/current/maximize HTTP/1.1
2019-02-16 13:27:21 DEBUG headers:136 - http-outgoing-0 >> Content-Type: application/json; charset=utf-8
2019-02-16 13:27:21 DEBUG headers:136 - http-outgoing-0 >> Content-Length: 45
2019-02-16 13:27:21 DEBUG headers:136 - http-outgoing-0 >> Host: localhost:45345
2019-02-16 13:27:21 DEBUG headers:136 - http-outgoing-0 >> Connection: Keep-Alive
2019-02-16 13:27:21 DEBUG headers:136 - http-outgoing-0 >> User-Agent: Apache-HttpClient/4.5.3 (Java/1.8.0_121)
2019-02-16 13:27:21 DEBUG headers:136 - http-outgoing-0 >> Accept-Encoding: gzip,deflate
2019-02-16 13:27:21 DEBUG wire:73 - http-outgoing-0 >> "POST /session/1082393bf157b98493ca52b87d2d3b70/window/current/maximize HTTP/1.1[\r][\n]"
2019-02-16 13:27:21 DEBUG wire:73 - http-outgoing-0 >> "Content-Type: application/json; charset=utf-8[\r][\n]"
2019-02-16 13:27:21 DEBUG wire:73 - http-outgoing-0 >> "Content-Length: 45[\r][\n]"
2019-02-16 13:27:21 DEBUG wire:73 - http-outgoing-0 >> "Host: localhost:45345[\r][\n]"
2019-02-16 13:27:21 DEBUG wire:73 - http-outgoing-0 >> "Connection: Keep-Alive[\r][\n]"
2019-02-16 13:27:21 DEBUG wire:73 - http-outgoing-0 >> "User-Agent: Apache-HttpClient/4.5.3 (Java/1.8.0_121)[\r][\n]"
2019-02-16 13:27:21 DEBUG wire:73 - http-outgoing-0 >> "Accept-Encoding: gzip,deflate[\r][\n]"
2019-02-16 13:27:21 DEBUG wire:73 - http-outgoing-0 >> "[\r][\n]"
2019-02-16 13:27:21 DEBUG wire:87 - http-outgoing-0 >> "{"windowHandle":"current","handle":"current"}"
2019-02-16 13:27:21 DEBUG wire:73 - http-outgoing-0 << "HTTP/1.1 200 OK[\r][\n]"
2019-02-16 13:27:22 DEBUG wire:73 - http-outgoing-0 << "Content-Length:108[\r][\n]"
2019-02-16 13:27:22 DEBUG wire:73 - http-outgoing-0 << "Content-Type:application/json; charset=utf-8[\r][\n]"
2019-02-16 13:27:22 DEBUG wire:73 - http-outgoing-0 << "[\r][\n]"
2019-02-16 13:27:22 DEBUG wire:87 - http-outgoing-0 << "{"sessionId":"1082393bf157b98493ca52b87d2d3b70","status":0,"value":{"height":827,"width":1440,"x":0,"y":23}}"
2019-02-16 13:27:22 DEBUG headers:122 - http-outgoing-0 << HTTP/1.1 200 OK
2019-02-16 13:27:22 DEBUG headers:125 - http-outgoing-0 << Content-Length:108
2019-02-16 13:27:22 DEBUG headers:125 - http-outgoing-0 << Content-Type:application/json; charset=utf-8
2019-02-16 13:27:22 DEBUG MainClientExec:285 - Connection can be kept alive indefinitely
2019-02-16 13:27:22 DEBUG PoolingHttpClientConnectionManager:320 - Connection [id: 0][route: {}->http://localhost:45345] can be kept alive indefinitely
2019-02-16 13:27:22 DEBUG PoolingHttpClientConnectionManager:326 - Connection released: [id: 0][route: {}->http://localhost:45345][total kept alive: 1; route allocated: 1 of 2000; total allocated: 1 of 2000]
2019-02-16 13:27:22 INFO  SigTuple:57 - *****************Exit initialization**************************
2019-02-16 13:27:22 DEBUG RequestAddCookies:123 - CookieSpec selected: default
2019-02-16 13:27:22 DEBUG RequestAuthCache:77 - Auth cache not set in the context
2019-02-16 13:27:22 DEBUG PoolingHttpClientConnectionManager:255 - Connection request: [route: {}->http://localhost:45345][total kept alive: 1; route allocated: 1 of 2000; total allocated: 1 of 2000]
2019-02-16 13:27:22 DEBUG PoolingHttpClientConnectionManager:288 - Connection leased: [id: 0][route: {}->http://localhost:45345][total kept alive: 0; route allocated: 1 of 2000; total allocated: 1 of 2000]
2019-02-16 13:27:22 DEBUG MainClientExec:208 - Stale connection check
2019-02-16 13:27:22 DEBUG wire:87 - http-outgoing-0 << "[read] I/O error: Read timed out"
2019-02-16 13:27:22 DEBUG DefaultManagedHttpClientConnection:88 - http-outgoing-0: set socket timeout to 10800000
2019-02-16 13:27:22 DEBUG MainClientExec:256 - Executing request POST /session/1082393bf157b98493ca52b87d2d3b70/url HTTP/1.1
2019-02-16 13:27:22 DEBUG MainClientExec:261 - Target auth state: UNCHALLENGED
2019-02-16 13:27:22 DEBUG MainClientExec:267 - Proxy auth state: UNCHALLENGED
2019-02-16 13:27:22 DEBUG headers:133 - http-outgoing-0 >> POST /session/1082393bf157b98493ca52b87d2d3b70/url HTTP/1.1
2019-02-16 13:27:22 DEBUG headers:136 - http-outgoing-0 >> Content-Type: application/json; charset=utf-8
2019-02-16 13:27:22 DEBUG headers:136 - http-outgoing-0 >> Content-Length: 28
2019-02-16 13:27:22 DEBUG headers:136 - http-outgoing-0 >> Host: localhost:45345
2019-02-16 13:27:22 DEBUG headers:136 - http-outgoing-0 >> Connection: Keep-Alive
2019-02-16 13:27:22 DEBUG headers:136 - http-outgoing-0 >> User-Agent: Apache-HttpClient/4.5.3 (Java/1.8.0_121)
2019-02-16 13:27:22 DEBUG headers:136 - http-outgoing-0 >> Accept-Encoding: gzip,deflate
2019-02-16 13:27:22 DEBUG wire:73 - http-outgoing-0 >> "POST /session/1082393bf157b98493ca52b87d2d3b70/url HTTP/1.1[\r][\n]"
2019-02-16 13:27:22 DEBUG wire:73 - http-outgoing-0 >> "Content-Type: application/json; charset=utf-8[\r][\n]"
2019-02-16 13:27:22 DEBUG wire:73 - http-outgoing-0 >> "Content-Length: 28[\r][\n]"
2019-02-16 13:27:22 DEBUG wire:73 - http-outgoing-0 >> "Host: localhost:45345[\r][\n]"
2019-02-16 13:27:22 DEBUG wire:73 - http-outgoing-0 >> "Connection: Keep-Alive[\r][\n]"
2019-02-16 13:27:22 DEBUG wire:73 - http-outgoing-0 >> "User-Agent: Apache-HttpClient/4.5.3 (Java/1.8.0_121)[\r][\n]"
2019-02-16 13:27:22 DEBUG wire:73 - http-outgoing-0 >> "Accept-Encoding: gzip,deflate[\r][\n]"
2019-02-16 13:27:22 DEBUG wire:73 - http-outgoing-0 >> "[\r][\n]"
2019-02-16 13:27:22 DEBUG wire:87 - http-outgoing-0 >> "{"url":"http://google.com/"}"
2019-02-16 13:27:23 DEBUG wire:73 - http-outgoing-0 << "HTTP/1.1 200 OK[\r][\n]"
2019-02-16 13:27:23 DEBUG wire:73 - http-outgoing-0 << "Content-Length:72[\r][\n]"
2019-02-16 13:27:23 DEBUG wire:73 - http-outgoing-0 << "Content-Type:application/json; charset=utf-8[\r][\n]"
2019-02-16 13:27:23 DEBUG wire:73 - http-outgoing-0 << "[\r][\n]"
2019-02-16 13:27:23 DEBUG wire:87 - http-outgoing-0 << "{"sessionId":"1082393bf157b98493ca52b87d2d3b70","status":0,"value":null}"
2019-02-16 13:27:23 DEBUG headers:122 - http-outgoing-0 << HTTP/1.1 200 OK
2019-02-16 13:27:23 DEBUG headers:125 - http-outgoing-0 << Content-Length:72
2019-02-16 13:27:23 DEBUG headers:125 - http-outgoing-0 << Content-Type:application/json; charset=utf-8
2019-02-16 13:27:23 DEBUG MainClientExec:285 - Connection can be kept alive indefinitely
2019-02-16 13:27:23 DEBUG PoolingHttpClientConnectionManager:320 - Connection [id: 0][route: {}->http://localhost:45345] can be kept alive indefinitely
2019-02-16 13:27:23 DEBUG PoolingHttpClientConnectionManager:326 - Connection released: [id: 0][route: {}->http://localhost:45345][total kept alive: 1; route allocated: 1 of 2000; total allocated: 1 of 2000]
2019-02-16 13:27:23 DEBUG RequestAddCookies:123 - CookieSpec selected: default
2019-02-16 13:27:23 DEBUG RequestAuthCache:77 - Auth cache not set in the context
2019-02-16 13:27:23 DEBUG PoolingHttpClientConnectionManager:255 - Connection request: [route: {}->http://localhost:45345][total kept alive: 1; route allocated: 1 of 2000; total allocated: 1 of 2000]
2019-02-16 13:27:23 DEBUG PoolingHttpClientConnectionManager:288 - Connection leased: [id: 0][route: {}->http://localhost:45345][total kept alive: 0; route allocated: 1 of 2000; total allocated: 1 of 2000]
2019-02-16 13:27:23 DEBUG MainClientExec:208 - Stale connection check
2019-02-16 13:27:23 DEBUG wire:87 - http-outgoing-0 << "[read] I/O error: Read timed out"
2019-02-16 13:27:23 DEBUG DefaultManagedHttpClientConnection:88 - http-outgoing-0: set socket timeout to 10800000
2019-02-16 13:27:23 DEBUG MainClientExec:256 - Executing request POST /session/1082393bf157b98493ca52b87d2d3b70/elements HTTP/1.1
2019-02-16 13:27:23 DEBUG MainClientExec:261 - Target auth state: UNCHALLENGED
2019-02-16 13:27:23 DEBUG MainClientExec:267 - Proxy auth state: UNCHALLENGED
2019-02-16 13:27:23 DEBUG headers:133 - http-outgoing-0 >> POST /session/1082393bf157b98493ca52b87d2d3b70/elements HTTP/1.1
2019-02-16 13:27:23 DEBUG headers:136 - http-outgoing-0 >> Content-Type: application/json; charset=utf-8
2019-02-16 13:27:23 DEBUG headers:136 - http-outgoing-0 >> Content-Length: 28
2019-02-16 13:27:23 DEBUG headers:136 - http-outgoing-0 >> Host: localhost:45345
2019-02-16 13:27:23 DEBUG headers:136 - http-outgoing-0 >> Connection: Keep-Alive
2019-02-16 13:27:23 DEBUG headers:136 - http-outgoing-0 >> User-Agent: Apache-HttpClient/4.5.3 (Java/1.8.0_121)
2019-02-16 13:27:23 DEBUG headers:136 - http-outgoing-0 >> Accept-Encoding: gzip,deflate
2019-02-16 13:27:23 DEBUG wire:73 - http-outgoing-0 >> "POST /session/1082393bf157b98493ca52b87d2d3b70/elements HTTP/1.1[\r][\n]"
2019-02-16 13:27:23 DEBUG wire:73 - http-outgoing-0 >> "Content-Type: application/json; charset=utf-8[\r][\n]"
2019-02-16 13:27:23 DEBUG wire:73 - http-outgoing-0 >> "Content-Length: 28[\r][\n]"
2019-02-16 13:27:23 DEBUG wire:73 - http-outgoing-0 >> "Host: localhost:45345[\r][\n]"
2019-02-16 13:27:23 DEBUG wire:73 - http-outgoing-0 >> "Connection: Keep-Alive[\r][\n]"
2019-02-16 13:27:23 DEBUG wire:73 - http-outgoing-0 >> "User-Agent: Apache-HttpClient/4.5.3 (Java/1.8.0_121)[\r][\n]"
2019-02-16 13:27:23 DEBUG wire:73 - http-outgoing-0 >> "Accept-Encoding: gzip,deflate[\r][\n]"
2019-02-16 13:27:23 DEBUG wire:73 - http-outgoing-0 >> "[\r][\n]"
2019-02-16 13:27:23 DEBUG wire:87 - http-outgoing-0 >> "{"using":"name","value":"q"}"
2019-02-16 13:27:23 DEBUG wire:73 - http-outgoing-0 << "HTTP/1.1 200 OK[\r][\n]"
2019-02-16 13:27:23 DEBUG wire:73 - http-outgoing-0 << "Content-Length:104[\r][\n]"
2019-02-16 13:27:23 DEBUG wire:73 - http-outgoing-0 << "Content-Type:application/json; charset=utf-8[\r][\n]"
2019-02-16 13:27:23 DEBUG wire:73 - http-outgoing-0 << "[\r][\n]"
2019-02-16 13:27:23 DEBUG wire:87 - http-outgoing-0 << "{"sessionId":"1082393bf157b98493ca52b87d2d3b70","status":0,"value":[{"ELEMENT":"0.5427450443641213-1"}]}"
2019-02-16 13:27:23 DEBUG headers:122 - http-outgoing-0 << HTTP/1.1 200 OK
2019-02-16 13:27:23 DEBUG headers:125 - http-outgoing-0 << Content-Length:104
2019-02-16 13:27:23 DEBUG headers:125 - http-outgoing-0 << Content-Type:application/json; charset=utf-8
2019-02-16 13:27:23 DEBUG MainClientExec:285 - Connection can be kept alive indefinitely
2019-02-16 13:27:23 DEBUG PoolingHttpClientConnectionManager:320 - Connection [id: 0][route: {}->http://localhost:45345] can be kept alive indefinitely
2019-02-16 13:27:23 DEBUG PoolingHttpClientConnectionManager:326 - Connection released: [id: 0][route: {}->http://localhost:45345][total kept alive: 1; route allocated: 1 of 2000; total allocated: 1 of 2000]
2019-02-16 13:27:23 DEBUG RequestAddCookies:123 - CookieSpec selected: default
2019-02-16 13:27:23 DEBUG RequestAuthCache:77 - Auth cache not set in the context
2019-02-16 13:27:23 DEBUG PoolingHttpClientConnectionManager:255 - Connection request: [route: {}->http://localhost:45345][total kept alive: 1; route allocated: 1 of 2000; total allocated: 1 of 2000]
2019-02-16 13:27:23 DEBUG PoolingHttpClientConnectionManager:288 - Connection leased: [id: 0][route: {}->http://localhost:45345][total kept alive: 0; route allocated: 1 of 2000; total allocated: 1 of 2000]
2019-02-16 13:27:23 DEBUG MainClientExec:208 - Stale connection check
2019-02-16 13:27:23 DEBUG wire:87 - http-outgoing-0 << "[read] I/O error: Read timed out"
2019-02-16 13:27:23 DEBUG DefaultManagedHttpClientConnection:88 - http-outgoing-0: set socket timeout to 10800000
2019-02-16 13:27:23 DEBUG MainClientExec:256 - Executing request GET /session/1082393bf157b98493ca52b87d2d3b70/element/0.5427450443641213-1/displayed HTTP/1.1
2019-02-16 13:27:23 DEBUG MainClientExec:261 - Target auth state: UNCHALLENGED
2019-02-16 13:27:23 DEBUG MainClientExec:267 - Proxy auth state: UNCHALLENGED
2019-02-16 13:27:23 DEBUG headers:133 - http-outgoing-0 >> GET /session/1082393bf157b98493ca52b87d2d3b70/element/0.5427450443641213-1/displayed HTTP/1.1
2019-02-16 13:27:23 DEBUG headers:136 - http-outgoing-0 >> Cache-Control: no-cache
2019-02-16 13:27:23 DEBUG headers:136 - http-outgoing-0 >> Host: localhost:45345
2019-02-16 13:27:23 DEBUG headers:136 - http-outgoing-0 >> Connection: Keep-Alive
2019-02-16 13:27:23 DEBUG headers:136 - http-outgoing-0 >> User-Agent: Apache-HttpClient/4.5.3 (Java/1.8.0_121)
2019-02-16 13:27:23 DEBUG headers:136 - http-outgoing-0 >> Accept-Encoding: gzip,deflate
2019-02-16 13:27:23 DEBUG wire:73 - http-outgoing-0 >> "GET /session/1082393bf157b98493ca52b87d2d3b70/element/0.5427450443641213-1/displayed HTTP/1.1[\r][\n]"
2019-02-16 13:27:23 DEBUG wire:73 - http-outgoing-0 >> "Cache-Control: no-cache[\r][\n]"
2019-02-16 13:27:23 DEBUG wire:73 - http-outgoing-0 >> "Host: localhost:45345[\r][\n]"
2019-02-16 13:27:23 DEBUG wire:73 - http-outgoing-0 >> "Connection: Keep-Alive[\r][\n]"
2019-02-16 13:27:23 DEBUG wire:73 - http-outgoing-0 >> "User-Agent: Apache-HttpClient/4.5.3 (Java/1.8.0_121)[\r][\n]"
2019-02-16 13:27:23 DEBUG wire:73 - http-outgoing-0 >> "Accept-Encoding: gzip,deflate[\r][\n]"
2019-02-16 13:27:23 DEBUG wire:73 - http-outgoing-0 >> "[\r][\n]"
2019-02-16 13:27:23 DEBUG wire:73 - http-outgoing-0 << "HTTP/1.1 200 OK[\r][\n]"
2019-02-16 13:27:23 DEBUG wire:73 - http-outgoing-0 << "Content-Length:72[\r][\n]"
2019-02-16 13:27:23 DEBUG wire:73 - http-outgoing-0 << "Content-Type:application/json; charset=utf-8[\r][\n]"
2019-02-16 13:27:23 DEBUG wire:73 - http-outgoing-0 << "[\r][\n]"
2019-02-16 13:27:23 DEBUG wire:87 - http-outgoing-0 << "{"sessionId":"1082393bf157b98493ca52b87d2d3b70","status":0,"value":true}"
2019-02-16 13:27:23 DEBUG headers:122 - http-outgoing-0 << HTTP/1.1 200 OK
2019-02-16 13:27:23 DEBUG headers:125 - http-outgoing-0 << Content-Length:72
2019-02-16 13:27:23 DEBUG headers:125 - http-outgoing-0 << Content-Type:application/json; charset=utf-8
2019-02-16 13:27:23 DEBUG MainClientExec:285 - Connection can be kept alive indefinitely
2019-02-16 13:27:23 DEBUG PoolingHttpClientConnectionManager:320 - Connection [id: 0][route: {}->http://localhost:45345] can be kept alive indefinitely
2019-02-16 13:27:23 DEBUG PoolingHttpClientConnectionManager:326 - Connection released: [id: 0][route: {}->http://localhost:45345][total kept alive: 1; route allocated: 1 of 2000; total allocated: 1 of 2000]
2019-02-16 13:27:23 DEBUG RequestAddCookies:123 - CookieSpec selected: default
2019-02-16 13:27:23 DEBUG RequestAuthCache:77 - Auth cache not set in the context
2019-02-16 13:27:23 DEBUG PoolingHttpClientConnectionManager:255 - Connection request: [route: {}->http://localhost:45345][total kept alive: 1; route allocated: 1 of 2000; total allocated: 1 of 2000]
2019-02-16 13:27:23 DEBUG PoolingHttpClientConnectionManager:288 - Connection leased: [id: 0][route: {}->http://localhost:45345][total kept alive: 0; route allocated: 1 of 2000; total allocated: 1 of 2000]
2019-02-16 13:27:23 DEBUG MainClientExec:208 - Stale connection check
2019-02-16 13:27:23 DEBUG wire:87 - http-outgoing-0 << "[read] I/O error: Read timed out"
2019-02-16 13:27:23 DEBUG DefaultManagedHttpClientConnection:88 - http-outgoing-0: set socket timeout to 10800000
2019-02-16 13:27:23 DEBUG MainClientExec:256 - Executing request POST /session/1082393bf157b98493ca52b87d2d3b70/element/0.5427450443641213-1/value HTTP/1.1
2019-02-16 13:27:23 DEBUG MainClientExec:261 - Target auth state: UNCHALLENGED
2019-02-16 13:27:23 DEBUG MainClientExec:267 - Proxy auth state: UNCHALLENGED
2019-02-16 13:27:23 DEBUG headers:133 - http-outgoing-0 >> POST /session/1082393bf157b98493ca52b87d2d3b70/element/0.5427450443641213-1/value HTTP/1.1
2019-02-16 13:27:23 DEBUG headers:136 - http-outgoing-0 >> Content-Type: application/json; charset=utf-8
2019-02-16 13:27:23 DEBUG headers:136 - http-outgoing-0 >> Content-Length: 50
2019-02-16 13:27:23 DEBUG headers:136 - http-outgoing-0 >> Host: localhost:45345
2019-02-16 13:27:23 DEBUG headers:136 - http-outgoing-0 >> Connection: Keep-Alive
2019-02-16 13:27:23 DEBUG headers:136 - http-outgoing-0 >> User-Agent: Apache-HttpClient/4.5.3 (Java/1.8.0_121)
2019-02-16 13:27:23 DEBUG headers:136 - http-outgoing-0 >> Accept-Encoding: gzip,deflate
2019-02-16 13:27:23 DEBUG wire:73 - http-outgoing-0 >> "POST /session/1082393bf157b98493ca52b87d2d3b70/element/0.5427450443641213-1/value HTTP/1.1[\r][\n]"
2019-02-16 13:27:23 DEBUG wire:73 - http-outgoing-0 >> "Content-Type: application/json; charset=utf-8[\r][\n]"
2019-02-16 13:27:23 DEBUG wire:73 - http-outgoing-0 >> "Content-Length: 50[\r][\n]"
2019-02-16 13:27:23 DEBUG wire:73 - http-outgoing-0 >> "Host: localhost:45345[\r][\n]"
2019-02-16 13:27:23 DEBUG wire:73 - http-outgoing-0 >> "Connection: Keep-Alive[\r][\n]"
2019-02-16 13:27:23 DEBUG wire:73 - http-outgoing-0 >> "User-Agent: Apache-HttpClient/4.5.3 (Java/1.8.0_121)[\r][\n]"
2019-02-16 13:27:23 DEBUG wire:73 - http-outgoing-0 >> "Accept-Encoding: gzip,deflate[\r][\n]"
2019-02-16 13:27:23 DEBUG wire:73 - http-outgoing-0 >> "[\r][\n]"
2019-02-16 13:27:23 DEBUG wire:87 - http-outgoing-0 >> "{"id":"0.5427450443641213-1","value":["SigTuple"]}"
2019-02-16 13:27:23 DEBUG wire:73 - http-outgoing-0 << "HTTP/1.1 200 OK[\r][\n]"
2019-02-16 13:27:23 DEBUG wire:73 - http-outgoing-0 << "Content-Length:72[\r][\n]"
2019-02-16 13:27:23 DEBUG wire:73 - http-outgoing-0 << "Content-Type:application/json; charset=utf-8[\r][\n]"
2019-02-16 13:27:23 DEBUG wire:73 - http-outgoing-0 << "[\r][\n]"
2019-02-16 13:27:23 DEBUG wire:87 - http-outgoing-0 << "{"sessionId":"1082393bf157b98493ca52b87d2d3b70","status":0,"value":null}"
2019-02-16 13:27:23 DEBUG headers:122 - http-outgoing-0 << HTTP/1.1 200 OK
2019-02-16 13:27:23 DEBUG headers:125 - http-outgoing-0 << Content-Length:72
2019-02-16 13:27:23 DEBUG headers:125 - http-outgoing-0 << Content-Type:application/json; charset=utf-8
2019-02-16 13:27:23 DEBUG MainClientExec:285 - Connection can be kept alive indefinitely
2019-02-16 13:27:23 DEBUG PoolingHttpClientConnectionManager:320 - Connection [id: 0][route: {}->http://localhost:45345] can be kept alive indefinitely
2019-02-16 13:27:23 DEBUG PoolingHttpClientConnectionManager:326 - Connection released: [id: 0][route: {}->http://localhost:45345][total kept alive: 1; route allocated: 1 of 2000; total allocated: 1 of 2000]
2019-02-16 13:27:23 DEBUG RequestAddCookies:123 - CookieSpec selected: default
2019-02-16 13:27:23 DEBUG RequestAuthCache:77 - Auth cache not set in the context
2019-02-16 13:27:23 DEBUG PoolingHttpClientConnectionManager:255 - Connection request: [route: {}->http://localhost:45345][total kept alive: 1; route allocated: 1 of 2000; total allocated: 1 of 2000]
2019-02-16 13:27:23 DEBUG PoolingHttpClientConnectionManager:288 - Connection leased: [id: 0][route: {}->http://localhost:45345][total kept alive: 0; route allocated: 1 of 2000; total allocated: 1 of 2000]
2019-02-16 13:27:23 DEBUG MainClientExec:208 - Stale connection check
2019-02-16 13:27:23 DEBUG wire:87 - http-outgoing-0 << "[read] I/O error: Read timed out"
2019-02-16 13:27:23 DEBUG DefaultManagedHttpClientConnection:88 - http-outgoing-0: set socket timeout to 10800000
2019-02-16 13:27:23 DEBUG MainClientExec:256 - Executing request POST /session/1082393bf157b98493ca52b87d2d3b70/element/0.5427450443641213-1/submit HTTP/1.1
2019-02-16 13:27:23 DEBUG MainClientExec:261 - Target auth state: UNCHALLENGED
2019-02-16 13:27:23 DEBUG MainClientExec:267 - Proxy auth state: UNCHALLENGED
2019-02-16 13:27:23 DEBUG headers:133 - http-outgoing-0 >> POST /session/1082393bf157b98493ca52b87d2d3b70/element/0.5427450443641213-1/submit HTTP/1.1
2019-02-16 13:27:23 DEBUG headers:136 - http-outgoing-0 >> Content-Type: application/json; charset=utf-8
2019-02-16 13:27:23 DEBUG headers:136 - http-outgoing-0 >> Content-Length: 29
2019-02-16 13:27:23 DEBUG headers:136 - http-outgoing-0 >> Host: localhost:45345
2019-02-16 13:27:23 DEBUG headers:136 - http-outgoing-0 >> Connection: Keep-Alive
2019-02-16 13:27:23 DEBUG headers:136 - http-outgoing-0 >> User-Agent: Apache-HttpClient/4.5.3 (Java/1.8.0_121)
2019-02-16 13:27:23 DEBUG headers:136 - http-outgoing-0 >> Accept-Encoding: gzip,deflate
2019-02-16 13:27:23 DEBUG wire:73 - http-outgoing-0 >> "POST /session/1082393bf157b98493ca52b87d2d3b70/element/0.5427450443641213-1/submit HTTP/1.1[\r][\n]"
2019-02-16 13:27:23 DEBUG wire:73 - http-outgoing-0 >> "Content-Type: application/json; charset=utf-8[\r][\n]"
2019-02-16 13:27:23 DEBUG wire:73 - http-outgoing-0 >> "Content-Length: 29[\r][\n]"
2019-02-16 13:27:23 DEBUG wire:73 - http-outgoing-0 >> "Host: localhost:45345[\r][\n]"
2019-02-16 13:27:23 DEBUG wire:73 - http-outgoing-0 >> "Connection: Keep-Alive[\r][\n]"
2019-02-16 13:27:23 DEBUG wire:73 - http-outgoing-0 >> "User-Agent: Apache-HttpClient/4.5.3 (Java/1.8.0_121)[\r][\n]"
2019-02-16 13:27:23 DEBUG wire:73 - http-outgoing-0 >> "Accept-Encoding: gzip,deflate[\r][\n]"
2019-02-16 13:27:23 DEBUG wire:73 - http-outgoing-0 >> "[\r][\n]"
2019-02-16 13:27:23 DEBUG wire:87 - http-outgoing-0 >> "{"id":"0.5427450443641213-1"}"
2019-02-16 13:27:24 DEBUG wire:73 - http-outgoing-0 << "HTTP/1.1 200 OK[\r][\n]"
2019-02-16 13:27:24 DEBUG wire:73 - http-outgoing-0 << "Content-Length:72[\r][\n]"
2019-02-16 13:27:24 DEBUG wire:73 - http-outgoing-0 << "Content-Type:application/json; charset=utf-8[\r][\n]"
2019-02-16 13:27:24 DEBUG wire:73 - http-outgoing-0 << "[\r][\n]"
2019-02-16 13:27:24 DEBUG wire:87 - http-outgoing-0 << "{"sessionId":"1082393bf157b98493ca52b87d2d3b70","status":0,"value":null}"
2019-02-16 13:27:24 DEBUG headers:122 - http-outgoing-0 << HTTP/1.1 200 OK
2019-02-16 13:27:24 DEBUG headers:125 - http-outgoing-0 << Content-Length:72
2019-02-16 13:27:24 DEBUG headers:125 - http-outgoing-0 << Content-Type:application/json; charset=utf-8
2019-02-16 13:27:24 DEBUG MainClientExec:285 - Connection can be kept alive indefinitely
2019-02-16 13:27:24 DEBUG PoolingHttpClientConnectionManager:320 - Connection [id: 0][route: {}->http://localhost:45345] can be kept alive indefinitely
2019-02-16 13:27:24 DEBUG PoolingHttpClientConnectionManager:326 - Connection released: [id: 0][route: {}->http://localhost:45345][total kept alive: 1; route allocated: 1 of 2000; total allocated: 1 of 2000]
2019-02-16 13:27:24 DEBUG RequestAddCookies:123 - CookieSpec selected: default
2019-02-16 13:27:24 DEBUG RequestAuthCache:77 - Auth cache not set in the context
2019-02-16 13:27:24 DEBUG PoolingHttpClientConnectionManager:255 - Connection request: [route: {}->http://localhost:45345][total kept alive: 1; route allocated: 1 of 2000; total allocated: 1 of 2000]
2019-02-16 13:27:24 DEBUG PoolingHttpClientConnectionManager:288 - Connection leased: [id: 0][route: {}->http://localhost:45345][total kept alive: 0; route allocated: 1 of 2000; total allocated: 1 of 2000]
2019-02-16 13:27:24 DEBUG MainClientExec:208 - Stale connection check
2019-02-16 13:27:24 DEBUG wire:87 - http-outgoing-0 << "[read] I/O error: Read timed out"
2019-02-16 13:27:24 DEBUG DefaultManagedHttpClientConnection:88 - http-outgoing-0: set socket timeout to 10800000
2019-02-16 13:27:24 DEBUG MainClientExec:256 - Executing request POST /session/1082393bf157b98493ca52b87d2d3b70/element HTTP/1.1
2019-02-16 13:27:24 DEBUG MainClientExec:261 - Target auth state: UNCHALLENGED
2019-02-16 13:27:24 DEBUG MainClientExec:267 - Proxy auth state: UNCHALLENGED
2019-02-16 13:27:24 DEBUG headers:133 - http-outgoing-0 >> POST /session/1082393bf157b98493ca52b87d2d3b70/element HTTP/1.1
2019-02-16 13:27:24 DEBUG headers:136 - http-outgoing-0 >> Content-Type: application/json; charset=utf-8
2019-02-16 13:27:24 DEBUG headers:136 - http-outgoing-0 >> Content-Length: 36
2019-02-16 13:27:24 DEBUG headers:136 - http-outgoing-0 >> Host: localhost:45345
2019-02-16 13:27:24 DEBUG headers:136 - http-outgoing-0 >> Connection: Keep-Alive
2019-02-16 13:27:24 DEBUG headers:136 - http-outgoing-0 >> User-Agent: Apache-HttpClient/4.5.3 (Java/1.8.0_121)
2019-02-16 13:27:24 DEBUG headers:136 - http-outgoing-0 >> Accept-Encoding: gzip,deflate
2019-02-16 13:27:24 DEBUG wire:73 - http-outgoing-0 >> "POST /session/1082393bf157b98493ca52b87d2d3b70/element HTTP/1.1[\r][\n]"
2019-02-16 13:27:24 DEBUG wire:73 - http-outgoing-0 >> "Content-Type: application/json; charset=utf-8[\r][\n]"
2019-02-16 13:27:24 DEBUG wire:73 - http-outgoing-0 >> "Content-Length: 36[\r][\n]"
2019-02-16 13:27:24 DEBUG wire:73 - http-outgoing-0 >> "Host: localhost:45345[\r][\n]"
2019-02-16 13:27:24 DEBUG wire:73 - http-outgoing-0 >> "Connection: Keep-Alive[\r][\n]"
2019-02-16 13:27:24 DEBUG wire:73 - http-outgoing-0 >> "User-Agent: Apache-HttpClient/4.5.3 (Java/1.8.0_121)[\r][\n]"
2019-02-16 13:27:24 DEBUG wire:73 - http-outgoing-0 >> "Accept-Encoding: gzip,deflate[\r][\n]"
2019-02-16 13:27:24 DEBUG wire:73 - http-outgoing-0 >> "[\r][\n]"
2019-02-16 13:27:24 DEBUG wire:87 - http-outgoing-0 >> "{"using":"id","value":"resultStats"}"
2019-02-16 13:27:24 DEBUG wire:73 - http-outgoing-0 << "HTTP/1.1 200 OK[\r][\n]"
2019-02-16 13:27:24 DEBUG wire:73 - http-outgoing-0 << "Content-Length:103[\r][\n]"
2019-02-16 13:27:24 DEBUG wire:73 - http-outgoing-0 << "Content-Type:application/json; charset=utf-8[\r][\n]"
2019-02-16 13:27:24 DEBUG wire:73 - http-outgoing-0 << "[\r][\n]"
2019-02-16 13:27:24 DEBUG wire:87 - http-outgoing-0 << "{"sessionId":"1082393bf157b98493ca52b87d2d3b70","status":0,"value":{"ELEMENT":"0.34014960326737875-1"}}"
2019-02-16 13:27:24 DEBUG headers:122 - http-outgoing-0 << HTTP/1.1 200 OK
2019-02-16 13:27:24 DEBUG headers:125 - http-outgoing-0 << Content-Length:103
2019-02-16 13:27:24 DEBUG headers:125 - http-outgoing-0 << Content-Type:application/json; charset=utf-8
2019-02-16 13:27:24 DEBUG MainClientExec:285 - Connection can be kept alive indefinitely
2019-02-16 13:27:24 DEBUG PoolingHttpClientConnectionManager:320 - Connection [id: 0][route: {}->http://localhost:45345] can be kept alive indefinitely
2019-02-16 13:27:24 DEBUG PoolingHttpClientConnectionManager:326 - Connection released: [id: 0][route: {}->http://localhost:45345][total kept alive: 1; route allocated: 1 of 2000; total allocated: 1 of 2000]
2019-02-16 13:27:24 DEBUG RequestAddCookies:123 - CookieSpec selected: default
2019-02-16 13:27:24 DEBUG RequestAuthCache:77 - Auth cache not set in the context
2019-02-16 13:27:24 DEBUG PoolingHttpClientConnectionManager:255 - Connection request: [route: {}->http://localhost:45345][total kept alive: 1; route allocated: 1 of 2000; total allocated: 1 of 2000]
2019-02-16 13:27:24 DEBUG PoolingHttpClientConnectionManager:288 - Connection leased: [id: 0][route: {}->http://localhost:45345][total kept alive: 0; route allocated: 1 of 2000; total allocated: 1 of 2000]
2019-02-16 13:27:24 DEBUG MainClientExec:208 - Stale connection check
2019-02-16 13:27:24 DEBUG wire:87 - http-outgoing-0 << "[read] I/O error: Read timed out"
2019-02-16 13:27:24 DEBUG DefaultManagedHttpClientConnection:88 - http-outgoing-0: set socket timeout to 10800000
2019-02-16 13:27:24 DEBUG MainClientExec:256 - Executing request GET /session/1082393bf157b98493ca52b87d2d3b70/element/0.34014960326737875-1/text HTTP/1.1
2019-02-16 13:27:24 DEBUG MainClientExec:261 - Target auth state: UNCHALLENGED
2019-02-16 13:27:24 DEBUG MainClientExec:267 - Proxy auth state: UNCHALLENGED
2019-02-16 13:27:24 DEBUG headers:133 - http-outgoing-0 >> GET /session/1082393bf157b98493ca52b87d2d3b70/element/0.34014960326737875-1/text HTTP/1.1
2019-02-16 13:27:24 DEBUG headers:136 - http-outgoing-0 >> Cache-Control: no-cache
2019-02-16 13:27:24 DEBUG headers:136 - http-outgoing-0 >> Host: localhost:45345
2019-02-16 13:27:24 DEBUG headers:136 - http-outgoing-0 >> Connection: Keep-Alive
2019-02-16 13:27:24 DEBUG headers:136 - http-outgoing-0 >> User-Agent: Apache-HttpClient/4.5.3 (Java/1.8.0_121)
2019-02-16 13:27:24 DEBUG headers:136 - http-outgoing-0 >> Accept-Encoding: gzip,deflate
2019-02-16 13:27:24 DEBUG wire:73 - http-outgoing-0 >> "GET /session/1082393bf157b98493ca52b87d2d3b70/element/0.34014960326737875-1/text HTTP/1.1[\r][\n]"
2019-02-16 13:27:24 DEBUG wire:73 - http-outgoing-0 >> "Cache-Control: no-cache[\r][\n]"
2019-02-16 13:27:24 DEBUG wire:73 - http-outgoing-0 >> "Host: localhost:45345[\r][\n]"
2019-02-16 13:27:24 DEBUG wire:73 - http-outgoing-0 >> "Connection: Keep-Alive[\r][\n]"
2019-02-16 13:27:24 DEBUG wire:73 - http-outgoing-0 >> "User-Agent: Apache-HttpClient/4.5.3 (Java/1.8.0_121)[\r][\n]"
2019-02-16 13:27:24 DEBUG wire:73 - http-outgoing-0 >> "Accept-Encoding: gzip,deflate[\r][\n]"
2019-02-16 13:27:24 DEBUG wire:73 - http-outgoing-0 >> "[\r][\n]"
2019-02-16 13:27:24 DEBUG wire:73 - http-outgoing-0 << "HTTP/1.1 200 OK[\r][\n]"
2019-02-16 13:27:24 DEBUG wire:73 - http-outgoing-0 << "Content-Length:106[\r][\n]"
2019-02-16 13:27:24 DEBUG wire:73 - http-outgoing-0 << "Content-Type:application/json; charset=utf-8[\r][\n]"
2019-02-16 13:27:24 DEBUG wire:73 - http-outgoing-0 << "[\r][\n]"
2019-02-16 13:27:24 DEBUG wire:87 - http-outgoing-0 << "{"sessionId":"1082393bf157b98493ca52b87d2d3b70","status":0,"value":"About 49,300 results (0.39 seconds) "}"
2019-02-16 13:27:24 DEBUG headers:122 - http-outgoing-0 << HTTP/1.1 200 OK
2019-02-16 13:27:24 DEBUG headers:125 - http-outgoing-0 << Content-Length:106
2019-02-16 13:27:24 DEBUG headers:125 - http-outgoing-0 << Content-Type:application/json; charset=utf-8
2019-02-16 13:27:24 DEBUG MainClientExec:285 - Connection can be kept alive indefinitely
2019-02-16 13:27:24 DEBUG PoolingHttpClientConnectionManager:320 - Connection [id: 0][route: {}->http://localhost:45345] can be kept alive indefinitely
2019-02-16 13:27:24 DEBUG PoolingHttpClientConnectionManager:326 - Connection released: [id: 0][route: {}->http://localhost:45345][total kept alive: 1; route allocated: 1 of 2000; total allocated: 1 of 2000]
